EDA Netlist Writer report for Full_Adder
Wed May 12 22:18:13 2021
Quartus Prime Version 20.1.1 Build 720 11/11/2020 SJ Lite Edition


---------------------
; Table of Contents ;
---------------------
  1. Legal Notice
  2. EDA Netlist Writer Summary
  3. EDA Netlist Writer Messages



----------------
; Legal Notice ;
----------------
Copyright (C) 2020  Intel Corporation. All rights reserved.
Your use of Intel Corporation's design tools, logic functions 
and other software and tools, and any partner logic 
functions, and any output files from any of the foregoing 
(including device programming or simulation files), and any 
associated documentation or information are expressly subject 
to the terms and conditions of the Intel Program License 
Subscription Agreement, the Intel Quartus Prime License Agreement,
the Intel FPGA IP License Agreement, or other applicable license
agreement, including, without limitation, that your use is for
the sole purpose of programming logic devices manufactured by
Intel and sold by Intel or its authorized distributors.  Please
refer to the applicable agreement for further details, at
https://fpgasoftware.intel.com/eula.



+-------------------------------------------------------------------+
; EDA Netlist Writer Summary                                        ;
+---------------------------+---------------------------------------+
; EDA Netlist Writer Status ; Successful - Wed May 12 22:18:13 2021 ;
; Revision Name             ; Full_Adder                            ;
; Top-level Entity Name     ; full_adder                            ;
; Family                    ; Cyclone IV E                          ;
+---------------------------+---------------------------------------+


+-----------------------------+
; EDA Netlist Writer Messages ;
+-----------------------------+
Info: *******************************************************************
Info: Running Quartus Prime EDA Netlist Writer
    Info: Version 20.1.1 Build 720 11/11/2020 SJ Lite Edition
    Info: Copyright (C) 2020  Intel Corporation. All rights reserved.
    Info: Your use of Intel Corporation's design tools, logic functions 
    Info: and other software and tools, and any partner logic 
    Info: functions, and any output files from any of the foregoing 
    Info: (including device programming or simulation files), and any 
    Info: associated documentation or information are expressly subject 
    Info: to the terms and conditions of the Intel Program License 
    Info: Subscription Agreement, the Intel Quartus Prime License Agreement,
    Info: the Intel FPGA IP License Agreement, or other applicable license
    Info: agreement, including, without limitation, that your use is for
    Info: the sole purpose of programming logic devices manufactured by
    Info: Intel and sold by Intel or its authorized distributors.  Please
    Info: refer to the applicable agreement for further details, at
    Info: https://fpgasoftware.intel.com/eula.
    Info: Processing started: Wed May 12 22:18:12 2021
Info: Command: quartus_eda --gen_testbench --tool=modelsim_oem --format=vhdl --write_settings_files=off Full_Adder -c Full_Adder --vector_source="C:/Users/clayt/Desktop/Sistemas Digitais/Sistemas-Digitais-VHDL/Full Adder/Waveform.vwf" --testbench_file="C:/Users/clayt/Desktop/Sistemas Digitais/Sistemas-Digitais-VHDL/Full Adder/simulation/modelsim/Waveform.vwf.vht"
Info (119004): Automatically selected device EP4CE6E22C6 for design Full_Adder
Warning (18236): Number of processors has not been specified which may cause overloading on shared machines.  Set the global assignment NUM_PARALLEL_PROCESSORS in your QSF to an appropriate value for best performance.
Warning (201005): Ignoring output pin "Cout" in vector source file when writing test bench files
Warning (201005): Ignoring output pin "S" in vector source file when writing test bench files
Info (201002): Generated VHDL Test Bench File C:/Users/clayt/Desktop/Sistemas Digitais/Sistemas-Digitais-VHDL/Full Adder/simulation/modelsim/Waveform.vwf.vht for simulation
Info: Quartus Prime EDA Netlist Writer was successful. 0 errors, 3 warnings
    Info: Peak virtual memory: 4637 megabytes
    Info: Processing ended: Wed May 12 22:18:13 2021
    Info: Elapsed time: 00:00:01
    Info: Total CPU time (on all processors): 00:00:01


